<?xml version="1.0" encoding="UTF-8"?>
<!-- Generated by org.testng.reporters.JUnitXMLReporter -->
<testsuite ignored="0" hostname="CTNL0060" failures="1" tests="1" name="Test to be run" time="0.575" errors="0" timestamp="28 Oct 2021 10:39:18 GMT">
  <testcase classname="com.crestech.android.tests.pCloudyAndroidTest" name="SampleAndroidTest on [pCloudyAndroidTest passed=0 failed=0 skipped=0]" time="0.0">
    <failure type="org.testng.TestNGException" message="
Parameter &amp;apos;userName&amp;apos; is required by @Test on method SampleAndroidTest but has not been marked @Optional or defined
in D:\Jai Mata Dii\DBS_Automation\pcloudyAndroid.xml">
      <![CDATA[org.testng.TestNGException: 
Parameter 'userName' is required by @Test on method SampleAndroidTest but has not been marked @Optional or defined
in D:\Jai Mata Dii\DBS_Automation\pcloudyAndroid.xml
	at java.base/java.util.concurrent.FutureTask.run(FutureTask.java:264)
	at java.base/java.util.concurrent.ThreadPoolExecutor.runWorker(ThreadPoolExecutor.java:1130)
	at java.base/java.util.concurrent.ThreadPoolExecutor$Worker.run(ThreadPoolExecutor.java:630)
	at java.base/java.lang.Thread.run(Thread.java:832)
... Removed 14 stack frames]]>
    </failure>
  </testcase> <!-- SampleAndroidTest on [pCloudyAndroidTest passed=0 failed=0 skipped=0] -->
</testsuite> <!-- Test to be run -->
