{"name":"Sample test for Android","status":"broken","statusDetails":{"known":false,"muted":false,"flaky":false,"message":"Can't locate an element by this strategy: By.chained({By.xpath: //android.widget.TextView[@text='Views']})","trace":"org.openqa.selenium.NoSuchElementException: Can't locate an element by this strategy: By.chained({By.xpath: //android.widget.TextView[@text='Views']})\r\n\tat io.appium.java_client.pagefactory.AppiumElementLocator.findElement(AppiumElementLocator.java:126)\r\n\tat io.appium.java_client.pagefactory.interceptors.InterceptorOfASingleElement.intercept(InterceptorOfASingleElement.java:59)\r\n\tat io.appium.java_client.android.AndroidElement$$EnhancerByCGLIB$$b598166c.click(<generated>)\r\n\tat com.crestech.appium.utils.CommonAppiumTest.clickOnElement(CommonAppiumTest.java:42)\r\n\tat com.crestech.pages.PcloudyHomePage.clickOnViews(PcloudyHomePage.java:103)\r\n\tat com.crestech.android.tests.pCloudyAndroidTest.SampleAndroidTest(pCloudyAndroidTest.java:40)\r\n\tat sun.reflect.NativeMethodAccessorImpl.invoke0(Native Method)\r\n\tat sun.reflect.NativeMethodAccessorImpl.invoke(NativeMethodAccessorImpl.java:62)\r\n\tat sun.reflect.DelegatingMethodAccessorImpl.invoke(DelegatingMethodAccessorImpl.java:43)\r\n\tat java.lang.reflect.Method.invoke(Method.java:498)\r\n\tat org.testng.internal.MethodInvocationHelper.invokeMethod(MethodInvocationHelper.java:85)\r\n\tat org.testng.internal.Invoker.invokeMethod(Invoker.java:663)\r\n\tat org.testng.internal.Invoker.invokeTestMethod(Invoker.java:849)\r\n\tat org.testng.internal.Invoker.invokeTestMethods(Invoker.java:1157)\r\n\tat org.testng.internal.TestMethodWorker.invokeTestMethods(TestMethodWorker.java:124)\r\n\tat org.testng.internal.TestMethodWorker.run(TestMethodWorker.java:108)\r\n\tat org.testng.TestRunner.privateRun(TestRunner.java:771)\r\n\tat org.testng.TestRunner.run(TestRunner.java:621)\r\n\tat org.testng.SuiteRunner.runTest(SuiteRunner.java:357)\r\n\tat org.testng.SuiteRunner.runSequentially(SuiteRunner.java:352)\r\n\tat org.testng.SuiteRunner.privateRun(SuiteRunner.java:310)\r\n\tat org.testng.SuiteRunner.run(SuiteRunner.java:259)\r\n\tat org.testng.SuiteRunnerWorker.runSuite(SuiteRunnerWorker.java:52)\r\n\tat org.testng.SuiteRunnerWorker.run(SuiteRunnerWorker.java:86)\r\n\tat org.testng.TestNG.runSuitesSequentially(TestNG.java:1200)\r\n\tat org.testng.TestNG.runSuitesLocally(TestNG.java:1125)\r\n\tat org.testng.TestNG.run(TestNG.java:1033)\r\n\tat org.testng.remote.RemoteTestNG.run(RemoteTestNG.java:111)\r\n\tat org.testng.remote.RemoteTestNG.initAndRun(RemoteTestNG.java:204)\r\n\tat org.testng.remote.RemoteTestNG.main(RemoteTestNG.java:175)\r\nCaused by: org.openqa.selenium.TimeoutException: Expected condition failed: waiting for io.appium.java_client.pagefactory.AppiumElementLocator$WaitingFunction@3daa82be (tried for 5 second(s) with 500 milliseconds interval)\r\n\tat org.openqa.selenium.support.ui.FluentWait.timeoutException(FluentWait.java:304)\r\n\tat org.openqa.selenium.support.ui.FluentWait.until(FluentWait.java:272)\r\n\tat io.appium.java_client.pagefactory.AppiumElementLocator.waitFor(AppiumElementLocator.java:99)\r\n\tat io.appium.java_client.pagefactory.AppiumElementLocator.findElement(AppiumElementLocator.java:119)\r\n\t... 29 more\r\nCaused by: org.openqa.selenium.NoSuchElementException: Cannot locate an element using By.chained({By.xpath: //android.widget.TextView[@text='Views']})\nFor documentation on this error, please visit: https://www.seleniumhq.org/exceptions/no_such_element.html\nBuild info: version: '3.141.59', revision: 'e82be7d358', time: '2018-11-14T08:17:03'\nSystem info: host: 'CTNL1595', ip: '192.168.43.209', os.name: 'Windows 10', os.arch: 'amd64', os.version: '10.0', java.version: '1.8.0_291'\nDriver info: driver.version: AndroidDriver\r\n\tat io.appium.java_client.pagefactory.bys.builder.ByChained.findElement(ByChained.java:74)\r\n\tat org.openqa.selenium.remote.RemoteWebDriver.findElement(RemoteWebDriver.java:315)\r\n\tat io.appium.java_client.DefaultGenericMobileDriver.findElement(DefaultGenericMobileDriver.java:57)\r\n\tat io.appium.java_client.AppiumDriver.findElement(AppiumDriver.java:1)\r\n\tat io.appium.java_client.android.AndroidDriver.findElement(AndroidDriver.java:1)\r\n\tat io.appium.java_client.pagefactory.bys.ContentMappedBy.findElement(ContentMappedBy.java:50)\r\n\tat org.openqa.selenium.remote.RemoteWebDriver.findElement(RemoteWebDriver.java:315)\r\n\tat io.appium.java_client.DefaultGenericMobileDriver.findElement(DefaultGenericMobileDriver.java:57)\r\n\tat io.appium.java_client.AppiumDriver.findElement(AppiumDriver.java:1)\r\n\tat io.appium.java_client.android.AndroidDriver.findElement(AndroidDriver.java:1)\r\n\tat io.appium.java_client.pagefactory.AppiumElementLocator.lambda$0(AppiumElementLocator.java:120)\r\n\tat io.appium.java_client.pagefactory.AppiumElementLocator$WaitingFunction.apply(AppiumElementLocator.java:172)\r\n\tat io.appium.java_client.pagefactory.AppiumElementLocator$WaitingFunction.apply(AppiumElementLocator.java:1)\r\n\tat org.openqa.selenium.support.ui.FluentWait.until(FluentWait.java:249)\r\n\t... 31 more\r\n"},"stage":"finished","description":"TestCases For Pcloudy Sample Project","steps":[],"attachments":[],"parameters":[{"name":"os","value":"pCloudyAndroid"},{"name":"device","value":"GOOGLE_Pixel2_Android_11.0.0_dafcb"},{"name":"version","value":"11.0.0"}],"start":1634810758896,"stop":1634810773060,"uuid":"659b69cd-c685-422e-9392-a3f654a80abb","historyId":"7b6eefbbef0cacbabccc2307f8639f59","fullName":"com.crestech.android.tests.pCloudyAndroidTest.SampleAndroidTest","labels":[{"name":"package","value":"com.crestech.android.tests.pCloudyAndroidTest"},{"name":"testClass","value":"com.crestech.android.tests.pCloudyAndroidTest"},{"name":"testMethod","value":"SampleAndroidTest"},{"name":"parentSuite","value":"Suite"},{"name":"suite","value":"Test"},{"name":"subSuite","value":"com.crestech.android.tests.pCloudyAndroidTest"},{"name":"host","value":"CTNL1595"},{"name":"thread","value":"9224@CTNL1595.main(1)"},{"name":"framework","value":"testng"},{"name":"language","value":"java"}],"links":[]}