{"name":"Sample test for Android","status":"skipped","statusDetails":{"known":false,"muted":false,"flaky":false,"message":"The local appium server has not been started. The given Node.js executable: C:\\Program Files\\nodejs\\node.exe Arguments: [C:\\Users\\Admin\\AppData\\Roaming\\npm\\node_modules\\appium\\build\\lib\\main.js, --port, 4723, --address, 127.0.0.1, --log, C:\\Users\\Public\\Desktop\\Appium.text, --session-override, --default-capabilities, {\"app\":\"D:\\\\Appium\\\\DBS_Automation\\\\App\\\\pCloudy_Appium_Demo.apk\",\"appActivity\":\"com.ba.mobile.LaunchActivity\",\"appPackage\":\"com.pcloudy.appiumdemo\",\"appWaitActivity\":\"com.ba.mobile.LaunchActivity\",\"automationName\":\"Appium\",\"deviceName\":\"Pixel 5 API 26\",\"newCommandTimeout\":600,\"noReset\":true,\"platformName\":\"Android\",\"platformVersion\":\"8\",\"udid\":\"emulator-5554\"}] \nProcess output: usage: C:\\Users\\Admin\\AppData\\Roaming\\npm\\node_modules\\appium\\build\\lib\\main.js\n       [-h] [--shell] [--allow-cors] [--reboot] [--ipa IPA] [-a ADDRESS]\n       [-p PORT] [-pa BASEPATH] [-ka KEEPALIVETIMEOUT] [-ca CALLBACKADDRESS]\n       [-cp CALLBACKPORT] [-bp BOOTSTRAPPORT] [-r BACKENDRETRIES]\n       [--session-override] [-l] [-g LOGFILE]\n       [--log-level {info,info:debug,info:info,info:warn,info:error,warn,warn:debug,warn:info,warn:warn,warn:error,error,error:debug,error:info,error:warn,error:error,debug,debug:debug,debug:info,debug:warn,debug:error}]\n       [--log-timestamp] [--local-timezone] [--log-no-colors] [-G WEBHOOK]\n       [--safari] [--default-device] [--force-iphone] [--force-ipad]\n       [--tracetemplate AUTOMATIONTRACETEMPLATEPATH]\n       [--instruments INSTRUMENTSPATH] [--nodeconfig NODECONFIG]\n       [-ra ROBOTADDRESS] [-rp ROBOTPORT]\n       [--chromedriver-executable CHROMEDRIVEREXECUTABLE] [--show-config]\n       [--no-perms-check] [--strict-caps] [--isolate-sim-device]\n       [--tmp TMPDIR] [--trace-dir TRACEDIR] [--debug-log-spacing]\n       [--suppress-adb-kill-server] [--long-stacktrace]\n       [--webkit-debug-proxy-port WEBKITDEBUGPROXYPORT]\n       [--webdriveragent-port WDALOCALPORT] [-dc DEFAULTCAPABILITIES]\n       [--relaxed-security] [--allow-insecure ALLOWINSECURE]\n       [--deny-insecure DENYINSECURE]\n       [--command-timeout DEFAULTCOMMANDTIMEOUT] [-k]\n       [--platform-name PLATFORMNAME] [--platform-version PLATFORMVERSION]\n       [--automation-name AUTOMATIONNAME] [--device-name DEVICENAME]\n       [--browser-name BROWSERNAME] [--app APP] [-lt LAUNCHTIMEOUT]\n       [--language LANGUAGE] [--locale LOCALE] [-U UDID]\n       [--orientation ORIENTATION] [--no-reset] [--full-reset]\n       [--app-pkg APPPACKAGE] [--app-activity APPACTIVITY]\n       [--app-wait-package APPWAITPACKAGE]\n       [--app-wait-activity APPWAITACTIVITY]\n       [--device-ready-timeout DEVICEREADYTIMEOUT]\n       [--android-coverage ANDROIDCOVERAGE] [--avd AVD] [--avd-args AVDARGS]\n       [--use-keystore] [--keystore-path KEYSTOREPATH]\n       [--keystore-password KEYSTOREPASSWORD] [--key-alias KEYALIAS]\n       [--key-password KEYPASSWORD] [--intent-action INTENTACTION]\n       [--intent-category INTENTCATEGORY] [--intent-flags INTENTFLAGS]\n       [--intent-args OPTIONALINTENTARGUMENTS] [--dont-stop-app-on-reset]\n       [--calendar-format CALENDARFORMAT] [--native-instruments-lib]\n       [--keep-keychains] [--localizable-strings-dir LOCALIZABLESTRINGSDIR]\n       [--show-ios-log] [--async-trace] [--chromedriver-port CHROMEDRIVERPORT]\n       [--log-filters LOGFILTERS] [-v]\nC:\\Users\\Admin\\AppData\\Roaming\\npm\\node_modules\\appium\\build\\lib\\main.js: error: argument -dc/--default-capabilities: invalid parseDefaultCaps value: '{app:D:\\\\\\\\Appium\\\\\\\\DBS_Automation\\\\\\\\App\\\\\\\\pCloudy_Appium_Demo.apk,appActivity:com.ba.mobile.LaunchActivity,appPackage:com.pcloudy.appiumdemo,appWaitActivity:com.ba.mobile.LaunchActivity,automationName:Appium,deviceName:Pixel'\n\n","trace":"io.appium.java_client.service.local.AppiumServerHasNotBeenStartedLocallyException: The local appium server has not been started. The given Node.js executable: C:\\Program Files\\nodejs\\node.exe Arguments: [C:\\Users\\Admin\\AppData\\Roaming\\npm\\node_modules\\appium\\build\\lib\\main.js, --port, 4723, --address, 127.0.0.1, --log, C:\\Users\\Public\\Desktop\\Appium.text, --session-override, --default-capabilities, {\"app\":\"D:\\\\Appium\\\\DBS_Automation\\\\App\\\\pCloudy_Appium_Demo.apk\",\"appActivity\":\"com.ba.mobile.LaunchActivity\",\"appPackage\":\"com.pcloudy.appiumdemo\",\"appWaitActivity\":\"com.ba.mobile.LaunchActivity\",\"automationName\":\"Appium\",\"deviceName\":\"Pixel 5 API 26\",\"newCommandTimeout\":600,\"noReset\":true,\"platformName\":\"Android\",\"platformVersion\":\"8\",\"udid\":\"emulator-5554\"}] \nProcess output: usage: C:\\Users\\Admin\\AppData\\Roaming\\npm\\node_modules\\appium\\build\\lib\\main.js\n       [-h] [--shell] [--allow-cors] [--reboot] [--ipa IPA] [-a ADDRESS]\n       [-p PORT] [-pa BASEPATH] [-ka KEEPALIVETIMEOUT] [-ca CALLBACKADDRESS]\n       [-cp CALLBACKPORT] [-bp BOOTSTRAPPORT] [-r BACKENDRETRIES]\n       [--session-override] [-l] [-g LOGFILE]\n       [--log-level {info,info:debug,info:info,info:warn,info:error,warn,warn:debug,warn:info,warn:warn,warn:error,error,error:debug,error:info,error:warn,error:error,debug,debug:debug,debug:info,debug:warn,debug:error}]\n       [--log-timestamp] [--local-timezone] [--log-no-colors] [-G WEBHOOK]\n       [--safari] [--default-device] [--force-iphone] [--force-ipad]\n       [--tracetemplate AUTOMATIONTRACETEMPLATEPATH]\n       [--instruments INSTRUMENTSPATH] [--nodeconfig NODECONFIG]\n       [-ra ROBOTADDRESS] [-rp ROBOTPORT]\n       [--chromedriver-executable CHROMEDRIVEREXECUTABLE] [--show-config]\n       [--no-perms-check] [--strict-caps] [--isolate-sim-device]\n       [--tmp TMPDIR] [--trace-dir TRACEDIR] [--debug-log-spacing]\n       [--suppress-adb-kill-server] [--long-stacktrace]\n       [--webkit-debug-proxy-port WEBKITDEBUGPROXYPORT]\n       [--webdriveragent-port WDALOCALPORT] [-dc DEFAULTCAPABILITIES]\n       [--relaxed-security] [--allow-insecure ALLOWINSECURE]\n       [--deny-insecure DENYINSECURE]\n       [--command-timeout DEFAULTCOMMANDTIMEOUT] [-k]\n       [--platform-name PLATFORMNAME] [--platform-version PLATFORMVERSION]\n       [--automation-name AUTOMATIONNAME] [--device-name DEVICENAME]\n       [--browser-name BROWSERNAME] [--app APP] [-lt LAUNCHTIMEOUT]\n       [--language LANGUAGE] [--locale LOCALE] [-U UDID]\n       [--orientation ORIENTATION] [--no-reset] [--full-reset]\n       [--app-pkg APPPACKAGE] [--app-activity APPACTIVITY]\n       [--app-wait-package APPWAITPACKAGE]\n       [--app-wait-activity APPWAITACTIVITY]\n       [--device-ready-timeout DEVICEREADYTIMEOUT]\n       [--android-coverage ANDROIDCOVERAGE] [--avd AVD] [--avd-args AVDARGS]\n       [--use-keystore] [--keystore-path KEYSTOREPATH]\n       [--keystore-password KEYSTOREPASSWORD] [--key-alias KEYALIAS]\n       [--key-password KEYPASSWORD] [--intent-action INTENTACTION]\n       [--intent-category INTENTCATEGORY] [--intent-flags INTENTFLAGS]\n       [--intent-args OPTIONALINTENTARGUMENTS] [--dont-stop-app-on-reset]\n       [--calendar-format CALENDARFORMAT] [--native-instruments-lib]\n       [--keep-keychains] [--localizable-strings-dir LOCALIZABLESTRINGSDIR]\n       [--show-ios-log] [--async-trace] [--chromedriver-port CHROMEDRIVERPORT]\n       [--log-filters LOGFILTERS] [-v]\nC:\\Users\\Admin\\AppData\\Roaming\\npm\\node_modules\\appium\\build\\lib\\main.js: error: argument -dc/--default-capabilities: invalid parseDefaultCaps value: '{app:D:\\\\\\\\Appium\\\\\\\\DBS_Automation\\\\\\\\App\\\\\\\\pCloudy_Appium_Demo.apk,appActivity:com.ba.mobile.LaunchActivity,appPackage:com.pcloudy.appiumdemo,appWaitActivity:com.ba.mobile.LaunchActivity,automationName:Appium,deviceName:Pixel'\n\n\r\n\tat io.appium.java_client.service.local.AppiumDriverLocalService.start(AppiumDriverLocalService.java:168)\r\n\tat com.crestech.base.UserBaseTest.startingServerInstance(UserBaseTest.java:418)\r\n\tat com.crestech.base.UserBaseTest.startApp(UserBaseTest.java:106)\r\n\tat java.base/jdk.internal.reflect.NativeMethodAccessorImpl.invoke0(Native Method)\r\n\tat java.base/jdk.internal.reflect.NativeMethodAccessorImpl.invoke(NativeMethodAccessorImpl.java:78)\r\n\tat java.base/jdk.internal.reflect.DelegatingMethodAccessorImpl.invoke(DelegatingMethodAccessorImpl.java:43)\r\n\tat java.base/java.lang.reflect.Method.invoke(Method.java:567)\r\n\tat org.testng.internal.MethodInvocationHelper.invokeMethod(MethodInvocationHelper.java:108)\r\n\tat org.testng.internal.Invoker.invokeConfigurationMethod(Invoker.java:523)\r\n\tat org.testng.internal.Invoker.invokeConfigurations(Invoker.java:224)\r\n\tat org.testng.internal.Invoker.invokeMethod(Invoker.java:599)\r\n\tat org.testng.internal.Invoker.invokeTestMethod(Invoker.java:869)\r\n\tat org.testng.internal.Invoker.invokeTestMethods(Invoker.java:1193)\r\n\tat org.testng.internal.TestMethodWorker.invokeTestMethods(TestMethodWorker.java:126)\r\n\tat org.testng.internal.TestMethodWorker.run(TestMethodWorker.java:109)\r\n\tat org.testng.TestRunner.privateRun(TestRunner.java:744)\r\n\tat org.testng.TestRunner.run(TestRunner.java:602)\r\n\tat org.testng.SuiteRunner.runTest(SuiteRunner.java:380)\r\n\tat org.testng.SuiteRunner.runSequentially(SuiteRunner.java:375)\r\n\tat org.testng.SuiteRunner.privateRun(SuiteRunner.java:340)\r\n\tat org.testng.SuiteRunner.run(SuiteRunner.java:289)\r\n\tat org.testng.SuiteRunnerWorker.runSuite(SuiteRunnerWorker.java:52)\r\n\tat org.testng.SuiteRunnerWorker.run(SuiteRunnerWorker.java:86)\r\n\tat org.testng.TestNG.runSuitesSequentially(TestNG.java:1301)\r\n\tat org.testng.TestNG.runSuitesLocally(TestNG.java:1226)\r\n\tat org.testng.TestNG.runSuites(TestNG.java:1144)\r\n\tat org.testng.TestNG.run(TestNG.java:1115)\r\n\tat org.testng.remote.AbstractRemoteTestNG.run(AbstractRemoteTestNG.java:115)\r\n\tat org.testng.remote.RemoteTestNG.initAndRun(RemoteTestNG.java:251)\r\n\tat org.testng.remote.RemoteTestNG.main(RemoteTestNG.java:77)\r\nCaused by: org.openqa.selenium.net.UrlChecker$TimeoutException: Timed out waiting for [http://127.0.0.1:4723/wd/hub/status] to be available after 120048 ms\r\n\tat org.openqa.selenium.net.UrlChecker.waitUntilAvailable(UrlChecker.java:100)\r\n\tat io.appium.java_client.service.local.AppiumDriverLocalService.ping(AppiumDriverLocalService.java:133)\r\n\tat io.appium.java_client.service.local.AppiumDriverLocalService.start(AppiumDriverLocalService.java:155)\r\n\t... 29 more\r\nCaused by: java.util.concurrent.TimeoutException\r\n\tat java.base/java.util.concurrent.FutureTask.get(FutureTask.java:204)\r\n\tat com.google.common.util.concurrent.SimpleTimeLimiter.callWithTimeout(SimpleTimeLimiter.java:155)\r\n\tat org.openqa.selenium.net.UrlChecker.waitUntilAvailable(UrlChecker.java:75)\r\n\t... 31 more\r\n"},"stage":"finished","description":"TestCases For Pcloudy Sample Project","steps":[],"attachments":[],"parameters":[{"name":"os","value":"Android"},{"name":"device","value":"Pixel 5 API 26"},{"name":"version","value":"8"}],"start":1634626152688,"stop":1634626152696,"uuid":"29fed762-54f8-4922-bfe8-095b36290e77","historyId":"c2fa47853210e62699eb845c090f4bb3","fullName":"com.crestech.android.tests.pCloudyAndroidTest.SampleAndroidTest","labels":[{"name":"package","value":"com.crestech.android.tests.pCloudyAndroidTest"},{"name":"testClass","value":"com.crestech.android.tests.pCloudyAndroidTest"},{"name":"testMethod","value":"SampleAndroidTest"},{"name":"parentSuite","value":"Suite"},{"name":"suite","value":"Test"},{"name":"subSuite","value":"com.crestech.android.tests.pCloudyAndroidTest"},{"name":"host","value":"CTNL0034"},{"name":"thread","value":"11944@CTNL0034.main(1)"},{"name":"framework","value":"testng"},{"name":"language","value":"java"}],"links":[]}