{"name":"Sample test for Android","status":"broken","statusDetails":{"known":false,"muted":false,"flaky":false,"message":"chromeTest::SampleAndroidTest():: java.lang.NoSuchMethodException: jdk.proxy2.$Proxy30.proxyClassLookup()","trace":"java.lang.Exception: chromeTest::SampleAndroidTest():: java.lang.NoSuchMethodException: jdk.proxy2.$Proxy30.proxyClassLookup()\r\n\tat com.crestech.android.tests.chromeTest.SampleAndroidTest(chromeTest.java:39)\r\n\tat java.base/jdk.internal.reflect.NativeMethodAccessorImpl.invoke0(Native Method)\r\n\tat java.base/jdk.internal.reflect.NativeMethodAccessorImpl.invoke(NativeMethodAccessorImpl.java:78)\r\n\tat java.base/jdk.internal.reflect.DelegatingMethodAccessorImpl.invoke(DelegatingMethodAccessorImpl.java:43)\r\n\tat java.base/java.lang.reflect.Method.invoke(Method.java:567)\r\n\tat org.testng.internal.MethodInvocationHelper.invokeMethod(MethodInvocationHelper.java:108)\r\n\tat org.testng.internal.Invoker.invokeMethod(Invoker.java:661)\r\n\tat org.testng.internal.Invoker.invokeTestMethod(Invoker.java:869)\r\n\tat org.testng.internal.Invoker.invokeTestMethods(Invoker.java:1193)\r\n\tat org.testng.internal.TestMethodWorker.invokeTestMethods(TestMethodWorker.java:126)\r\n\tat org.testng.internal.TestMethodWorker.run(TestMethodWorker.java:109)\r\n\tat org.testng.TestRunner.privateRun(TestRunner.java:744)\r\n\tat org.testng.TestRunner.run(TestRunner.java:602)\r\n\tat org.testng.SuiteRunner.runTest(SuiteRunner.java:380)\r\n\tat org.testng.SuiteRunner.access$000(SuiteRunner.java:39)\r\n\tat org.testng.SuiteRunner$SuiteWorker.run(SuiteRunner.java:414)\r\n\tat org.testng.internal.thread.ThreadUtil$1.call(ThreadUtil.java:52)\r\n\tat java.base/java.util.concurrent.FutureTask.run(FutureTask.java:264)\r\n\tat java.base/java.util.concurrent.ThreadPoolExecutor.runWorker(ThreadPoolExecutor.java:1130)\r\n\tat java.base/java.util.concurrent.ThreadPoolExecutor$Worker.run(ThreadPoolExecutor.java:630)\r\n\tat java.base/java.lang.Thread.run(Thread.java:831)\r\n"},"stage":"finished","description":"TestCases For Pcloudy Sample Project","steps":[],"attachments":[{"name":"Page screenshot","source":"f9770312-921c-4448-bc5a-54b7a178a7bb-attachment","type":"image/png"},{"name":"SampleAndroidTest failed and screenshot taken!","source":"c60458cd-dd89-46aa-b8b6-49da2ff9af1e-attachment","type":"text/plain"}],"parameters":[{"name":"os","value":"Android"},{"name":"device","value":"Pixel 5 API 28"},{"name":"version","value":"9"}],"start":1634878829313,"stop":1634878831547,"uuid":"99b66a24-c9cd-4ba7-b712-933d8ece4b31","historyId":"b303ffcbb6767f1f30182e3f394a9bf4","fullName":"com.crestech.android.tests.chromeTest.SampleAndroidTest","labels":[{"name":"package","value":"com.crestech.android.tests.chromeTest"},{"name":"testClass","value":"com.crestech.android.tests.chromeTest"},{"name":"testMethod","value":"SampleAndroidTest"},{"name":"parentSuite","value":"Appium pCloudy Suite"},{"name":"suite","value":"Test"},{"name":"subSuite","value":"com.crestech.android.tests.chromeTest"},{"name":"host","value":"CTNL0060"},{"name":"thread","value":"4128@CTNL0060.TestNG-tests-1(16)"},{"name":"framework","value":"testng"},{"name":"language","value":"java"},{"name":"epic","value":"Chrome Test"},{"name":"feature","value":"My first report"}],"links":[]}