<?xml version="1.0" encoding="UTF-8"?>
<testng-results skipped="0" failed="1" ignored="0" total="1" passed="0">
  <reporter-output>
  </reporter-output>
  <suite name="Migo Suite" duration-ms="83578" started-at="2020-06-12T10:39:34Z" finished-at="2020-06-12T10:40:57Z">
    <groups>
    </groups>
    <test name="SAMSUNG_GalaxyS7_Android_8.0.0" duration-ms="83578" started-at="2020-06-12T10:39:34Z" finished-at="2020-06-12T10:40:57Z">
      <class name="com.crestech.android.tests.pCloudyAndroidTest">
        <test-method status="PASS" signature="beforeSuite()[pri:0, instance:[pCloudyAndroidTest passed=0 failed=0 skipped=0]]" name="beforeSuite" is-config="true" duration-ms="221" started-at="2020-06-12T16:09:34Z" finished-at="2020-06-12T16:09:34Z">
          <reporter-output>
          </reporter-output>
        </test-method> <!-- beforeSuite -->
        <test-method status="PASS" signature="startApp(java.lang.String, java.lang.String, java.lang.reflect.Method, java.lang.String)[pri:0, instance:[pCloudyAndroidTest passed=0 failed=0 skipped=0]]" name="startApp" is-config="true" duration-ms="47062" started-at="2020-06-12T16:09:34Z" finished-at="2020-06-12T16:10:21Z">
          <params>
            <param index="0">
              <value>
                <![CDATA[SAMSUNG_GalaxyS7_Android_8.0.0]]>
              </value>
            </param>
            <param index="1">
              <value>
                <![CDATA[8.0.0]]>
              </value>
            </param>
            <param index="2">
              <value>
                <![CDATA[public void com.crestech.android.tests.pCloudyAndroidTest.SampleAndroidTest2(java.lang.String) throws java.lang.InterruptedException]]>
              </value>
            </param>
            <param index="3">
              <value>
                <![CDATA[pCloudyAndroid]]>
              </value>
            </param>
          </params>
          <reporter-output>
          </reporter-output>
        </test-method> <!-- startApp -->
        <test-method status="FAIL" signature="SampleAndroidTest2(java.lang.String)[pri:0, instance:[pCloudyAndroidTest passed=0 failed=0 skipped=0]]" name="SampleAndroidTest2" duration-ms="33474" started-at="2020-06-12T16:10:21Z" description="Sample test 2 for Android" finished-at="2020-06-12T16:10:54Z">
          <params>
            <param index="0">
              <value>
                <![CDATA[8.0.0]]>
              </value>
            </param>
          </params>
          <exception class="org.openqa.selenium.NoSuchElementException">
            <message>
              <![CDATA[Can't locate an element by this strategy: By.chained({By.id: com.example.android.apis:id/seekBar})]]>
            </message>
            <full-stacktrace>
              <![CDATA[org.openqa.selenium.NoSuchElementException: Can't locate an element by this strategy: By.chained({By.id: com.example.android.apis:id/seekBar})
	at io.appium.java_client.pagefactory.AppiumElementLocator.findElement(AppiumElementLocator.java:126)
	at io.appium.java_client.pagefactory.interceptors.InterceptorOfASingleElement.intercept(InterceptorOfASingleElement.java:59)
	at io.appium.java_client.android.AndroidElement$$EnhancerByCGLIB$$b598166c.getLocation(<generated>)
	at com.crestech.pages.PcloudyHomePage.performSeekBar(PcloudyHomePage.java:188)
	at com.crestech.android.tests.pCloudyAndroidTest.SampleAndroidTest2(pCloudyAndroidTest.java:114)
	at sun.reflect.NativeMethodAccessorImpl.invoke0(Native Method)
	at sun.reflect.NativeMethodAccessorImpl.invoke(NativeMethodAccessorImpl.java:62)
	at sun.reflect.DelegatingMethodAccessorImpl.invoke(DelegatingMethodAccessorImpl.java:43)
	at java.lang.reflect.Method.invoke(Method.java:497)
	at org.testng.internal.MethodInvocationHelper.invokeMethod(MethodInvocationHelper.java:108)
	at org.testng.internal.Invoker.invokeMethod(Invoker.java:661)
	at org.testng.internal.Invoker.invokeTestMethod(Invoker.java:869)
	at org.testng.internal.Invoker.invokeTestMethods(Invoker.java:1193)
	at org.testng.internal.TestMethodWorker.invokeTestMethods(TestMethodWorker.java:126)
	at org.testng.internal.TestMethodWorker.run(TestMethodWorker.java:109)
	at org.testng.TestRunner.privateRun(TestRunner.java:744)
	at org.testng.TestRunner.run(TestRunner.java:602)
	at org.testng.SuiteRunner.runTest(SuiteRunner.java:380)
	at org.testng.SuiteRunner.access$000(SuiteRunner.java:39)
	at org.testng.SuiteRunner$SuiteWorker.run(SuiteRunner.java:414)
	at org.testng.internal.thread.ThreadUtil$1.call(ThreadUtil.java:52)
	at java.util.concurrent.FutureTask.run(FutureTask.java:266)
	at java.util.concurrent.ThreadPoolExecutor.runWorker(ThreadPoolExecutor.java:1142)
	at java.util.concurrent.ThreadPoolExecutor$Worker.run(ThreadPoolExecutor.java:617)
	at java.lang.Thread.run(Thread.java:745)
Caused by: org.openqa.selenium.TimeoutException: Expected condition failed: waiting for io.appium.java_client.pagefactory.AppiumElementLocator$WaitingFunction@46b35ad7 (tried for 5 second(s) with 500 milliseconds interval)
	at org.openqa.selenium.support.ui.FluentWait.timeoutException(FluentWait.java:304)
	at org.openqa.selenium.support.ui.FluentWait.until(FluentWait.java:272)
	at io.appium.java_client.pagefactory.AppiumElementLocator.waitFor(AppiumElementLocator.java:99)
	at io.appium.java_client.pagefactory.AppiumElementLocator.findElement(AppiumElementLocator.java:119)
	... 24 more
Caused by: org.openqa.selenium.NoSuchElementException: Cannot locate an element using By.chained({By.id: com.example.android.apis:id/seekBar})
For documentation on this error, please visit: https://www.seleniumhq.org/exceptions/no_such_element.html
Build info: version: '3.141.59', revision: 'e82be7d358', time: '2018-11-14T08:17:03'
System info: host: 'DESKTOP-9OLEHDV', ip: '192.168.0.109', os.name: 'Windows 10', os.arch: 'amd64', os.version: '10.0', java.version: '1.8.0_66'
Driver info: driver.version: AndroidDriver
	at io.appium.java_client.pagefactory.bys.builder.ByChained.findElement(ByChained.java:74)
	at org.openqa.selenium.remote.RemoteWebDriver.findElement(RemoteWebDriver.java:315)
	at io.appium.java_client.DefaultGenericMobileDriver.findElement(DefaultGenericMobileDriver.java:57)
	at io.appium.java_client.AppiumDriver.findElement(AppiumDriver.java:1)
	at io.appium.java_client.android.AndroidDriver.findElement(AndroidDriver.java:1)
	at io.appium.java_client.pagefactory.bys.ContentMappedBy.findElement(ContentMappedBy.java:50)
	at org.openqa.selenium.remote.RemoteWebDriver.findElement(RemoteWebDriver.java:315)
	at io.appium.java_client.DefaultGenericMobileDriver.findElement(DefaultGenericMobileDriver.java:57)
	at io.appium.java_client.AppiumDriver.findElement(AppiumDriver.java:1)
	at io.appium.java_client.android.AndroidDriver.findElement(AndroidDriver.java:1)
	at io.appium.java_client.pagefactory.AppiumElementLocator.lambda$0(AppiumElementLocator.java:120)
	at io.appium.java_client.pagefactory.AppiumElementLocator$WaitingFunction.apply(AppiumElementLocator.java:172)
	at io.appium.java_client.pagefactory.AppiumElementLocator$WaitingFunction.apply(AppiumElementLocator.java:1)
	at org.openqa.selenium.support.ui.FluentWait.until(FluentWait.java:249)
	... 26 more
]]>
            </full-stacktrace>
          </exception> <!-- org.openqa.selenium.NoSuchElementException -->
          <reporter-output>
          </reporter-output>
        </test-method> <!-- SampleAndroidTest2 -->
        <test-method status="PASS" signature="getResult(org.testng.ITestResult, java.lang.String, java.lang.String)[pri:0, instance:[pCloudyAndroidTest passed=0 failed=0 skipped=0]]" name="getResult" is-config="true" duration-ms="1784" started-at="2020-06-12T16:10:56Z" finished-at="2020-06-12T16:10:57Z">
          <params>
            <param index="0">
              <value>
                <![CDATA[[TestResult name=SampleAndroidTest2 on [pCloudyAndroidTest passed=0 failed=0 skipped=0] status=FAILURE method=pCloudyAndroidTest.SampleAndroidTest2(java.lang.String)[pri:0, instance:[pCloudyAndroidTest passed=0 failed=0 skipped=0]] output={null}]]]>
              </value>
            </param>
            <param index="1">
              <value>
                <![CDATA[SAMSUNG_GalaxyS7_Android_8.0.0]]>
              </value>
            </param>
            <param index="2">
              <value>
                <![CDATA[pCloudyAndroid]]>
              </value>
            </param>
          </params>
          <reporter-output>
          </reporter-output>
        </test-method> <!-- getResult -->
        <test-method status="PASS" signature="flushReport()[pri:0, instance:[pCloudyAndroidTest passed=0 failed=0 skipped=0]]" name="flushReport" is-config="true" duration-ms="1693" started-at="2020-06-12T16:10:57Z" finished-at="2020-06-12T16:10:59Z">
          <reporter-output>
          </reporter-output>
        </test-method> <!-- flushReport -->
      </class> <!-- com.crestech.android.tests.pCloudyAndroidTest -->
    </test> <!-- SAMSUNG_GalaxyS7_Android_8.0.0 -->
  </suite> <!-- Migo Suite -->
</testng-results>
